Socket successfully created..
Socket successfully binded..
Server listening..
Server accept the client...
Client matches adress all good!

Server computed command...
Server app terminated!Socket successfully created..
Socket successfully binded..
Server listening..
Server accept the client...
Client matches adress all good!

Server computed command...
Output: Current local time and date: Mon Mar 20 20:00:01 2023


Closed client socket...
Server listening..
Server accept the client...
Client matches adress all good!

Server computed command...
Output: Current local time and date: Mon Mar 20 20:00:29 2023


Closed client socket...
Server listening..
Server accept the client...
Client matches adress all good!

Server computed command...
Output: Current local time and date: Mon Mar 20 20:01:05 2023


Closed client socket...
Server listening..
Server accept the client...
Client matches adress all good!

Server computed command...
Server app terminated!